13:50:50: Creating resource group General
13:50:50: Creating resource group Internal
13:50:50: Creating resource group Autodetect
13:50:50: SceneManagerFactory for type 'DefaultSceneManager' registered.
13:50:50: Registering ResourceManager for type Material
13:50:50: Registering ResourceManager for type Mesh
13:50:50: Registering ResourceManager for type Skeleton
13:50:50: MovableObjectFactory for type 'ParticleSystem' registered.
13:50:50: OverlayElementFactory for type Panel registered.
13:50:50: OverlayElementFactory for type BorderPanel registered.
13:50:50: OverlayElementFactory for type TextArea registered.
13:50:50: Registering ResourceManager for type Font
13:50:50: ArchiveFactory for archive type FileSystem registered.
13:50:50: ArchiveFactory for archive type Zip registered.
13:50:50: DDS codec registering
13:50:50: FreeImage version: 3.15.1
13:50:50: This program uses FreeImage, a free, open source image library supporting all common bitmap formats. See http://freeimage.sourceforge.net for details
13:50:50: Supported formats: bmp,ico,jpg,jif,jpeg,jpe,jng,koa,iff,lbm,mng,pbm,pbm,pcd,pcx,pgm,pgm,png,ppm,ppm,ras,tga,targa,tif,tiff,wap,wbmp,wbm,psd,cut,xbm,xpm,gif,hdr,g3,sgi,exr,j2k,j2c,jp2,pfm,pct,pict,pic,3fr,arw,bay,bmq,cap,cine,cr2,crw,cs1,dc2,dcr,drf,dsc,dng,erf,fff,ia,iiq,k25,kc2,kdc,mdc,mef,mos,mrw,nef,nrw,orf,pef,ptx,pxn,qtk,raf,raw,rdc,rw2,rwl,rwz,sr2,srf,sti
13:50:50: Registering ResourceManager for type HighLevelGpuProgram
13:50:50: Registering ResourceManager for type Compositor
13:50:50: MovableObjectFactory for type 'Entity' registered.
13:50:50: MovableObjectFactory for type 'Light' registered.
13:50:50: MovableObjectFactory for type 'BillboardSet' registered.
13:50:50: MovableObjectFactory for type 'ManualObject' registered.
13:50:50: MovableObjectFactory for type 'BillboardChain' registered.
13:50:50: MovableObjectFactory for type 'RibbonTrail' registered.
13:50:50: Loading library /usr/lib/x86_64-linux-gnu/OGRE-1.7.4/RenderSystem_GL
13:50:50: Installing plugin: GL RenderSystem
13:50:50: OpenGL Rendering Subsystem created.
13:50:50: Plugin successfully installed
13:50:50: Loading library /usr/lib/x86_64-linux-gnu/OGRE-1.7.4/Plugin_ParticleFX
13:50:50: Installing plugin: ParticleFX
13:50:50: Particle Emitter Type 'Point' registered
13:50:50: Particle Emitter Type 'Box' registered
13:50:50: Particle Emitter Type 'Ellipsoid' registered
13:50:50: Particle Emitter Type 'Cylinder' registered
13:50:50: Particle Emitter Type 'Ring' registered
13:50:50: Particle Emitter Type 'HollowEllipsoid' registered
13:50:50: Particle Affector Type 'LinearForce' registered
13:50:50: Particle Affector Type 'ColourFader' registered
13:50:50: Particle Affector Type 'ColourFader2' registered
13:50:50: Particle Affector Type 'ColourImage' registered
13:50:50: Particle Affector Type 'ColourInterpolator' registered
13:50:50: Particle Affector Type 'Scaler' registered
13:50:50: Particle Affector Type 'Rotator' registered
13:50:50: Particle Affector Type 'DirectionRandomiser' registered
13:50:50: Particle Affector Type 'DeflectorPlane' registered
13:50:50: Plugin successfully installed
13:50:50: Loading library /usr/lib/x86_64-linux-gnu/OGRE-1.7.4/Plugin_BSPSceneManager
13:50:50: Installing plugin: BSP Scene Manager
13:50:50: Plugin successfully installed
13:50:50: Loading library /usr/lib/x86_64-linux-gnu/OGRE-1.7.4/Plugin_PCZSceneManager
13:50:50: Installing plugin: Portal Connected Zone Scene Manager
13:50:50: PCZone Factory Type 'ZoneType_Default' registered
13:50:50: Plugin successfully installed
13:50:50: Loading library /usr/lib/x86_64-linux-gnu/OGRE-1.7.4/Plugin_OctreeZone
13:50:50: Installing plugin: Octree Zone Factory
13:50:50: Plugin successfully installed
13:50:50: Loading library /usr/lib/x86_64-linux-gnu/OGRE-1.7.4/Plugin_OctreeSceneManager
13:50:50: Installing plugin: Octree & Terrain Scene Manager
13:50:50: Plugin successfully installed
13:50:50: *-*-* OGRE Initialising
13:50:50: *-*-* Version 1.7.4 (Cthugha)
13:50:55: Creating resource group Essential
13:50:55: Added resource location 'media/packs/SdkTrays.zip' of type 'Zip' to resource group 'Essential'
13:50:55: Added resource location 'media' of type 'FileSystem' to resource group 'General'
13:50:55: Added resource location 'media/materials/scripts' of type 'FileSystem' to resource group 'General'
13:50:55: Added resource location 'media/materials/textures' of type 'FileSystem' to resource group 'General'
13:50:55: Added resource location 'media/models' of type 'FileSystem' to resource group 'General'
13:50:55: Added resource location 'media/materials/programs' of type 'FileSystem' to resource group 'General'
